<?xml version="1.0" encoding="UTF-8"?>
<!-- Generated by org.testng.reporters.JUnitXMLReporter -->
<testsuite hostname="UA1286" tests="4" failures="4" timestamp="21 Oct 2020 19:18:59 GMT" time="33.911" errors="0">
  <testcase name="checkLinkedInSearchFunctionality" time="0.014" classname="LinkedinMainLoginTests">
    <failure type="java.lang.AssertionError" message="Login page is not loaded expected [true] but found [false]">
      <![CDATA[java.lang.AssertionError: Login page is not loaded expected [true] but found [false]
	at LinkedinMainLoginTests.checkLinkedInSearchFunctionality(LinkedinMainLoginTests.java:89)
	at org.apache.maven.surefire.testng.TestNGExecutor.run(TestNGExecutor.java:281)
	at org.apache.maven.surefire.testng.TestNGXmlTestSuite.execute(TestNGXmlTestSuite.java:75)
	at org.apache.maven.surefire.testng.TestNGProvider.invoke(TestNGProvider.java:121)
	at org.apache.maven.surefire.booter.ForkedBooter.invokeProviderInSameClassLoader(ForkedBooter.java:290)
	at org.apache.maven.surefire.booter.ForkedBooter.runSuitesInProcess(ForkedBooter.java:242)
	at org.apache.maven.surefire.booter.ForkedBooter.main(ForkedBooter.java:121)
... Removed 24 stack frames]]>
    </failure>
  </testcase> <!-- checkLinkedInSearchFunctionality -->
  <testcase name="checkSuccessfulLoginToLinkedin" time="0.017" classname="LinkedinMainLoginTests">
    <failure type="java.lang.AssertionError" message="Login page is not loaded expected [true] but found [false]">
      <![CDATA[java.lang.AssertionError: Login page is not loaded expected [true] but found [false]
	at LinkedinMainLoginTests.checkSuccessfulLoginToLinkedin(LinkedinMainLoginTests.java:60)
	at org.apache.maven.surefire.testng.TestNGExecutor.run(TestNGExecutor.java:281)
	at org.apache.maven.surefire.testng.TestNGXmlTestSuite.execute(TestNGXmlTestSuite.java:75)
	at org.apache.maven.surefire.testng.TestNGProvider.invoke(TestNGProvider.java:121)
	at org.apache.maven.surefire.booter.ForkedBooter.invokeProviderInSameClassLoader(ForkedBooter.java:290)
	at org.apache.maven.surefire.booter.ForkedBooter.runSuitesInProcess(ForkedBooter.java:242)
	at org.apache.maven.surefire.booter.ForkedBooter.main(ForkedBooter.java:121)
... Removed 24 stack frames]]>
    </failure>
  </testcase> <!-- checkSuccessfulLoginToLinkedin -->
  <testcase name="emptyUserEmailAndUserPasswordTest" time="0.013" classname="LinkedinMainLoginTests">
    <failure type="java.lang.AssertionError" message="Login page is not loaded expected [true] but found [false]">
      <![CDATA[java.lang.AssertionError: Login page is not loaded expected [true] but found [false]
	at LinkedinMainLoginTests.emptyUserEmailAndUserPasswordTest(LinkedinMainLoginTests.java:118)
	at org.apache.maven.surefire.testng.TestNGExecutor.run(TestNGExecutor.java:281)
	at org.apache.maven.surefire.testng.TestNGXmlTestSuite.execute(TestNGXmlTestSuite.java:75)
	at org.apache.maven.surefire.testng.TestNGProvider.invoke(TestNGProvider.java:121)
	at org.apache.maven.surefire.booter.ForkedBooter.invokeProviderInSameClassLoader(ForkedBooter.java:290)
	at org.apache.maven.surefire.booter.ForkedBooter.runSuitesInProcess(ForkedBooter.java:242)
	at org.apache.maven.surefire.booter.ForkedBooter.main(ForkedBooter.java:121)
... Removed 24 stack frames]]>
    </failure>
  </testcase> <!-- emptyUserEmailAndUserPasswordTest -->
  <testcase name="negativeLoginTest" time="0.01" classname="LinkedinMainLoginTests">
    <failure type="java.lang.AssertionError" message="Login page is not loaded expected [true] but found [false]">
      <![CDATA[java.lang.AssertionError: Login page is not loaded expected [true] but found [false]
	at LinkedinMainLoginTests.negativeLoginTest(LinkedinMainLoginTests.java:146)
	at org.apache.maven.surefire.testng.TestNGExecutor.run(TestNGExecutor.java:281)
	at org.apache.maven.surefire.testng.TestNGXmlTestSuite.execute(TestNGXmlTestSuite.java:75)
	at org.apache.maven.surefire.testng.TestNGProvider.invoke(TestNGProvider.java:121)
	at org.apache.maven.surefire.booter.ForkedBooter.invokeProviderInSameClassLoader(ForkedBooter.java:290)
	at org.apache.maven.surefire.booter.ForkedBooter.runSuitesInProcess(ForkedBooter.java:242)
	at org.apache.maven.surefire.booter.ForkedBooter.main(ForkedBooter.java:121)
... Removed 24 stack frames]]>
    </failure>
  </testcase> <!-- negativeLoginTest -->
</testsuite>
